<?xml version="1.0" encoding="UTF-8"?>
<testng-results skipped="0" failed="0" ignored="0" total="1" passed="1">
  <reporter-output>
  </reporter-output>
  <suite name="Default suite" duration-ms="44032" started-at="2019-01-18T12:20:00Z" finished-at="2019-01-18T12:20:44Z">
    <groups>
    </groups>
    <test name="Default test" duration-ms="44032" started-at="2019-01-18T12:20:00Z" finished-at="2019-01-18T12:20:44Z">
      <class name="com.durgasoft.project.seleniumproject.TC_001">
        <test-method status="PASS" signature="f()[pri:0, instance:com.durgasoft.project.seleniumproject.TC_001@4678c730]" name="f" duration-ms="44007" started-at="2019-01-18T17:50:00Z" finished-at="2019-01-18T17:50:44Z">
          <reporter-output>
          </reporter-output>
        </test-method> <!-- f -->
      </class> <!-- com.durgasoft.project.seleniumproject.TC_001 -->
    </test> <!-- Default test -->
  </suite> <!-- Default suite -->
</testng-results>
